#
# There is insufficient memory for the Java Runtime Environment to continue.
# Native memory allocation (malloc) failed to allocate 2097152 bytes for AllocateHeap
# Possible reasons:
#   The system is out of physical RAM or swap space
#   The process is running with CompressedOops enabled, and the Java Heap may be blocking the growth of the native heap
# Possible solutions:
#   Reduce memory load on the system
#   Increase physical memory or swap space
#   Check if swap backing store is full
#   Decrease Java heap size (-Xmx/-Xms)
#   Decrease number of Java threads
#   Decrease Java thread stack sizes (-Xss)
#   Set larger code cache with -XX:ReservedCodeCacheSize=
#   JVM is running with Unscaled Compressed Oops mode in which the Java heap is
#     placed in the first 4GB address space. The Java Heap base address is the
#     maximum limit for the native heap growth. Please use -XX:HeapBaseMinAddress
#     to set the Java Heap base and to place the Java Heap above 4GB virtual address.
# This output file may be truncated or incomplete.
#
#  Out of Memory Error (allocation.cpp:44), pid=12264, tid=11788
#
# JRE version: OpenJDK Runtime Environment Temurin-17.0.3+7 (17.0.3+7) (build 17.0.3+7)
# Java VM: OpenJDK 64-Bit Server VM Temurin-17.0.3+7 (17.0.3+7, mixed mode, emulated-client, tiered, compressed oops, compressed class ptrs, g1 gc, windows-amd64)
# No core dump will be written. Minidumps are not enabled by default on client versions of Windows
#

---------------  S U M M A R Y ------------

Command Line: --add-modules=ALL-SYSTEM --add-exports=jdk.compiler/com.sun.tools.javac.file=ALL-UNNAMED --add-exports=jdk.compiler/com.sun.tools.javac.util=ALL-UNNAMED --add-exports=jdk.compiler/com.sun.tools.javac.comp=ALL-UNNAMED --add-exports=jdk.compiler/com.sun.tools.javac.main=ALL-UNNAMED --add-exports=jdk.compiler/com.sun.tools.javac.tree=ALL-UNNAMED --add-exports=jdk.compiler/com.sun.tools.javac.code=ALL-UNNAMED -Dsts.lsp.client=vscode -Dsts.log.file=/dev/null -XX:TieredStopAtLevel=1 -Dspring.config.location=file:c:\Users\danil\.vscode\extensions\pivotal.vscode-spring-boot-1.36.0\language-server\BOOT-INF\classes\application.properties org.springframework.ide.vscode.boot.app.BootLanguageServerBootApp

Host: Intel(R) Core(TM) i5-2310 CPU @ 2.90GHz, 4 cores, 7G,  Windows 10 , 64 bit Build 19041 (10.0.19041.1865)
Time: Sun Jul 31 21:47:19 2022 Hora oficial do Brasil elapsed time: 7254.944523 seconds (0d 2h 0m 54s)

---------------  T H R E A D  ---------------

Current thread (0x0000019e3b074f20):  VMThread "VM Thread" [stack: 0x000000892f800000,0x000000892f900000] [id=11788]

Stack: [0x000000892f800000,0x000000892f900000]
Native frames: (J=compiled Java code, j=interpreted, Vv=VM code, C=native code)
V  [jvm.dll+0x675efa]
V  [jvm.dll+0x830a24]
V  [jvm.dll+0x8321ce]
V  [jvm.dll+0x832833]
V  [jvm.dll+0x2454b5]
V  [jvm.dll+0xa6393]
V  [jvm.dll+0x2f5651]
V  [jvm.dll+0x2f12d0]
V  [jvm.dll+0x2d99b7]
V  [jvm.dll+0x31cac7]
V  [jvm.dll+0x836cdb]
V  [jvm.dll+0x837a14]
V  [jvm.dll+0x837f2c]
V  [jvm.dll+0x838304]
V  [jvm.dll+0x8383d0]
V  [jvm.dll+0x7e0cfa]
V  [jvm.dll+0x674d85]
C  [ucrtbase.dll+0x21bb2]
C  [KERNEL32.DLL+0x17034]
C  [ntdll.dll+0x52651]

VM_Operation (0x0000008930afe9f0): G1CollectFull, mode: safepoint, requested by thread 0x0000019e3d0b4090


---------------  P R O C E S S  ---------------

Threads class SMR info:
_java_thread_list=0x0000019e3c5b6a40, length=18, elements={
0x0000019e3b09d620, 0x0000019e3b09f3b0, 0x0000019e3b0d5130, 0x0000019e3b0d6b60,
0x0000019e3b0d7420, 0x0000019e3b0d7ce0, 0x0000019e3b0d8650, 0x0000019e3bc0efc0,
0x0000019e3b025210, 0x0000019e3be4d7f0, 0x0000019e3d0b4090, 0x0000019e3d0e6300,
0x0000019e2e47a660, 0x0000019e3d0f1960, 0x0000019e3d0f27d0, 0x0000019e3d0f1e30,
0x0000019e3d0f0620, 0x0000019e3d0f0150
}

Java Threads: ( => current thread )
  0x0000019e3b09d620 JavaThread "Reference Handler" daemon [_thread_blocked, id=12980, stack(0x000000892f900000,0x000000892fa00000)]
  0x0000019e3b09f3b0 JavaThread "Finalizer" daemon [_thread_blocked, id=12428, stack(0x000000892fa00000,0x000000892fb00000)]
  0x0000019e3b0d5130 JavaThread "Signal Dispatcher" daemon [_thread_blocked, id=13028, stack(0x000000892fb00000,0x000000892fc00000)]
  0x0000019e3b0d6b60 JavaThread "Attach Listener" daemon [_thread_blocked, id=10304, stack(0x000000892fc00000,0x000000892fd00000)]
  0x0000019e3b0d7420 JavaThread "Service Thread" daemon [_thread_blocked, id=1608, stack(0x000000892fd00000,0x000000892fe00000)]
  0x0000019e3b0d7ce0 JavaThread "Monitor Deflation Thread" daemon [_thread_blocked, id=3352, stack(0x000000892fe00000,0x000000892ff00000)]
  0x0000019e3b0d8650 JavaThread "C1 CompilerThread0" daemon [_thread_blocked, id=3508, stack(0x000000892ff00000,0x0000008930000000)]
  0x0000019e3bc0efc0 JavaThread "Sweeper thread" daemon [_thread_blocked, id=8436, stack(0x0000008930000000,0x0000008930100000)]
  0x0000019e3b025210 JavaThread "Common-Cleaner" daemon [_thread_blocked, id=9916, stack(0x0000008930100000,0x0000008930200000)]
  0x0000019e3be4d7f0 JavaThread "Notification Thread" daemon [_thread_blocked, id=7348, stack(0x0000008930400000,0x0000008930500000)]
  0x0000019e3d0b4090 JavaThread "pool-7-thread-1" [_thread_blocked, id=14312, stack(0x0000008930a00000,0x0000008930b00000)]
  0x0000019e3d0e6300 JavaThread "LanguageServerApp-lifecycle" [_thread_blocked, id=4616, stack(0x0000008930b00000,0x0000008930c00000)]
  0x0000019e2e47a660 JavaThread "DestroyJavaVM" [_thread_blocked, id=7304, stack(0x000000892f200000,0x000000892f300000)]
  0x0000019e3d0f1960 JavaThread "pool-8-thread-1" [_thread_in_native, id=11456, stack(0x0000008931400000,0x0000008931500000)]
  0x0000019e3d0f27d0 JavaThread "Simple-Language-Server main thread" daemon [_thread_blocked, id=13624, stack(0x0000008931500000,0x0000008931600000)]
  0x0000019e3d0f1e30 JavaThread "pool-5-thread-1" [_thread_blocked, id=1360, stack(0x0000008931600000,0x0000008931700000)]
  0x0000019e3d0f0620 JavaThread "Reconciler-1" [_thread_blocked, id=10716, stack(0x0000008931700000,0x0000008931800000)]
  0x0000019e3d0f0150 JavaThread "parallel-1" daemon [_thread_blocked, id=12020, stack(0x0000008931800000,0x0000008931900000)]

Other Threads:
=>0x0000019e3b074f20 VMThread "VM Thread" [stack: 0x000000892f800000,0x000000892f900000] [id=11788]
  0x0000019e3be4e0d0 WatcherThread [stack: 0x0000008930500000,0x0000008930600000] [id=1972]
  0x0000019e2e4d6330 GCTaskThread "GC Thread#0" [stack: 0x000000892f300000,0x000000892f400000] [id=1340]
  0x0000019e3c531af0 GCTaskThread "GC Thread#1" [stack: 0x0000008930600000,0x0000008930700000] [id=13392]
  0x0000019e3c531da0 GCTaskThread "GC Thread#2" [stack: 0x0000008930700000,0x0000008930800000] [id=8872]
  0x0000019e3c7e52d0 GCTaskThread "GC Thread#3" [stack: 0x0000008930800000,0x0000008930900000] [id=6484]
  0x0000019e2e4e7040 ConcurrentGCThread "G1 Main Marker" [stack: 0x000000892f400000,0x000000892f500000] [id=2216]
  0x0000019e2e4e8100 ConcurrentGCThread "G1 Conc#0" [stack: 0x000000892f500000,0x000000892f600000] [id=13120]
  0x0000019e2e54d120 ConcurrentGCThread "G1 Refine#0" [stack: 0x000000892f600000,0x000000892f700000] [id=196]
  0x0000019e3f5f9030 ConcurrentGCThread "G1 Refine#1" [stack: 0x0000008931c00000,0x0000008931d00000] [id=4272]
  0x0000019e3f641d90 ConcurrentGCThread "G1 Refine#2" [stack: 0x0000008931d00000,0x0000008931e00000] [id=2796]
  0x0000019e3c517650 ConcurrentGCThread "G1 Refine#3" [stack: 0x0000008931e00000,0x0000008931f00000] [id=4480]
  0x0000019e2e54da50 ConcurrentGCThread "G1 Service" [stack: 0x000000892f700000,0x000000892f800000] [id=8840]

Threads with active compile tasks:

VM state: at safepoint (normal execution)

VM Mutex/Monitor currently owned by a thread:  ([mutex/lock_event])
[0x0000019e2c37a4a0] Threads_lock - owner thread: 0x0000019e3b074f20
[0x0000019e2e46c480] Heap_lock - owner thread: 0x0000019e3d0b4090

Heap address: 0x0000000080a00000, size: 2038 MB, Compressed Oops mode: 32-bit

CDS archive(s) not mapped
Compressed class space mapped at: 0x0000000100000000-0x0000000140000000, reserved size: 1073741824
Narrow klass base: 0x0000000000000000, Narrow klass shift: 3, Narrow klass range: 0x140000000

GC Precious Log:
 CPUs: 4 total, 4 available
 Memory: 8150M
 Large Page Support: Disabled
 NUMA Support: Disabled
 Compressed Oops: Enabled (32-bit)
 Heap Region Size: 1M
 Heap Min Capacity: 8M
 Heap Initial Capacity: 128M
 Heap Max Capacity: 2038M
 Pre-touch: Disabled
 Parallel Workers: 4
 Concurrent Workers: 1
 Concurrent Refinement Workers: 4
 Periodic GC: Disabled

Heap:
 garbage-first heap   total 55296K, used 15444K [0x0000000080a00000, 0x0000000100000000)
  region size 1024K, 1 young (1024K), 0 survivors (0K)
 Metaspace       used 41229K, committed 41600K, reserved 1089536K
  class space    used 5673K, committed 5824K, reserved 1048576K

Heap Regions: E=young(eden), S=young(survivor), O=old, HS=humongous(starts), HC=humongous(continues), CS=collection set, F=free, OA=open archive, CA=closed archive, TAMS=top-at-mark-start (previous, next)
|   0|0x0000000080a00000, 0x0000000080b00000, 0x0000000080b00000|100%| O|  |TAMS 0x0000000080b00000, 0x0000000080a00000| Untracked 
|   1|0x0000000080b00000, 0x0000000080bfffe0, 0x0000000080c00000| 99%| O|  |TAMS 0x0000000080bfffe0, 0x0000000080b00000| Untracked 
|   2|0x0000000080c00000, 0x0000000080cfffd8, 0x0000000080d00000| 99%| O|  |TAMS 0x0000000080cfffd8, 0x0000000080c00000| Untracked 
|   3|0x0000000080d00000, 0x0000000080dfffe8, 0x0000000080e00000| 99%| O|  |TAMS 0x0000000080dfffe8, 0x0000000080d00000| Untracked 
|   4|0x0000000080e00000, 0x0000000080efc568, 0x0000000080f00000| 98%| O|  |TAMS 0x0000000080efc568, 0x0000000080e00000| Untracked 
|   5|0x0000000080f00000, 0x0000000081000000, 0x0000000081000000|100%| O|  |TAMS 0x0000000081000000, 0x0000000080f00000| Untracked 
|   6|0x0000000081000000, 0x0000000081100000, 0x0000000081100000|100%| O|  |TAMS 0x0000000081100000, 0x0000000081000000| Untracked 
|   7|0x0000000081100000, 0x00000000811ffff8, 0x0000000081200000| 99%| O|  |TAMS 0x00000000811ffff8, 0x0000000081100000| Untracked 
|   8|0x0000000081200000, 0x00000000812ffff8, 0x0000000081300000| 99%| O|  |TAMS 0x00000000812ffff8, 0x0000000081200000| Untracked 
|   9|0x0000000081300000, 0x00000000813ffff8, 0x0000000081400000| 99%| O|  |TAMS 0x00000000813ffff8, 0x0000000081300000| Untracked 
|  10|0x0000000081400000, 0x00000000814fffc0, 0x0000000081500000| 99%| O|  |TAMS 0x00000000814fffc0, 0x0000000081400000| Untracked 
|  11|0x0000000081500000, 0x0000000081600000, 0x0000000081600000|100%| O|  |TAMS 0x0000000081600000, 0x0000000081500000| Untracked 
|  12|0x0000000081600000, 0x00000000816fffd0, 0x0000000081700000| 99%| O|  |TAMS 0x00000000816fffd0, 0x0000000081600000| Untracked 
|  13|0x0000000081700000, 0x00000000817ffff8, 0x0000000081800000| 99%| O|  |TAMS 0x00000000817ffff8, 0x0000000081700000| Untracked 
|  14|0x0000000081800000, 0x0000000081900000, 0x0000000081900000|100%| O|  |TAMS 0x0000000081900000, 0x0000000081800000| Untracked 
|  15|0x0000000081900000, 0x0000000081918c18, 0x0000000081a00000|  9%| O|  |TAMS 0x0000000081900000, 0x0000000081900000| Untracked 
|  16|0x0000000081a00000, 0x0000000081a00000, 0x0000000081b00000|  0%| F|  |TAMS 0x0000000081a00000, 0x0000000081a00000| Untracked 
|  17|0x0000000081b00000, 0x0000000081b00000, 0x0000000081c00000|  0%| F|  |TAMS 0x0000000081b00000, 0x0000000081b00000| Untracked 
|  18|0x0000000081c00000, 0x0000000081c00000, 0x0000000081d00000|  0%| F|  |TAMS 0x0000000081c00000, 0x0000000081c00000| Untracked 
|  19|0x0000000081d00000, 0x0000000081d00000, 0x0000000081e00000|  0%| F|  |TAMS 0x0000000081d00000, 0x0000000081d00000| Untracked 
|  20|0x0000000081e00000, 0x0000000081e00000, 0x0000000081f00000|  0%| F|  |TAMS 0x0000000081e00000, 0x0000000081e00000| Untracked 
|  21|0x0000000081f00000, 0x0000000081f00000, 0x0000000082000000|  0%| F|  |TAMS 0x0000000081f00000, 0x0000000081f00000| Untracked 
|  22|0x0000000082000000, 0x0000000082000000, 0x0000000082100000|  0%| F|  |TAMS 0x0000000082000000, 0x0000000082000000| Untracked 
|  23|0x0000000082100000, 0x0000000082100000, 0x0000000082200000|  0%| F|  |TAMS 0x0000000082100000, 0x0000000082100000| Untracked 
|  24|0x0000000082200000, 0x0000000082200000, 0x0000000082300000|  0%| F|  |TAMS 0x0000000082200000, 0x0000000082200000| Untracked 
|  25|0x0000000082300000, 0x0000000082300000, 0x0000000082400000|  0%| F|  |TAMS 0x0000000082300000, 0x0000000082300000| Untracked 
|  26|0x0000000082400000, 0x0000000082400000, 0x0000000082500000|  0%| F|  |TAMS 0x0000000082400000, 0x0000000082400000| Untracked 
|  27|0x0000000082500000, 0x0000000082500000, 0x0000000082600000|  0%| F|  |TAMS 0x0000000082500000, 0x0000000082500000| Untracked 
|  28|0x0000000082600000, 0x0000000082600000, 0x0000000082700000|  0%| F|  |TAMS 0x0000000082600000, 0x0000000082600000| Untracked 
|  29|0x0000000082700000, 0x0000000082700000, 0x0000000082800000|  0%| F|  |TAMS 0x0000000082700000, 0x0000000082700000| Untracked 
|  30|0x0000000082800000, 0x0000000082800000, 0x0000000082900000|  0%| F|  |TAMS 0x0000000082800000, 0x0000000082800000| Untracked 
|  31|0x0000000082900000, 0x0000000082900000, 0x0000000082a00000|  0%| F|  |TAMS 0x0000000082900000, 0x0000000082900000| Untracked 
|  32|0x0000000082a00000, 0x0000000082a00000, 0x0000000082b00000|  0%| F|  |TAMS 0x0000000082a00000, 0x0000000082a00000| Untracked 
|  33|0x0000000082b00000, 0x0000000082b00000, 0x0000000082c00000|  0%| F|  |TAMS 0x0000000082b00000, 0x0000000082b00000| Untracked 
|  34|0x0000000082c00000, 0x0000000082c00000, 0x0000000082d00000|  0%| F|  |TAMS 0x0000000082c00000, 0x0000000082c00000| Untracked 
|  35|0x0000000082d00000, 0x0000000082d00000, 0x0000000082e00000|  0%| F|  |TAMS 0x0000000082d00000, 0x0000000082d00000| Untracked 
|  36|0x0000000082e00000, 0x0000000082e00000, 0x0000000082f00000|  0%| F|  |TAMS 0x0000000082e00000, 0x0000000082e00000| Untracked 
|  37|0x0000000082f00000, 0x0000000082f00000, 0x0000000083000000|  0%| F|  |TAMS 0x0000000082f00000, 0x0000000082f00000| Untracked 
|  38|0x0000000083000000, 0x0000000083000000, 0x0000000083100000|  0%| F|  |TAMS 0x0000000083000000, 0x0000000083000000| Untracked 
|  39|0x0000000083100000, 0x0000000083100000, 0x0000000083200000|  0%| F|  |TAMS 0x0000000083100000, 0x0000000083100000| Untracked 
|  40|0x0000000083200000, 0x0000000083200000, 0x0000000083300000|  0%| F|  |TAMS 0x0000000083200000, 0x0000000083200000| Untracked 
|  41|0x0000000083300000, 0x0000000083300000, 0x0000000083400000|  0%| F|  |TAMS 0x0000000083300000, 0x0000000083300000| Untracked 
|  42|0x0000000083400000, 0x0000000083400000, 0x0000000083500000|  0%| F|  |TAMS 0x0000000083400000, 0x0000000083400000| Untracked 
|  43|0x0000000083500000, 0x0000000083500000, 0x0000000083600000|  0%| F|  |TAMS 0x0000000083500000, 0x0000000083500000| Untracked 
|  44|0x0000000083600000, 0x0000000083600000, 0x0000000083700000|  0%| F|  |TAMS 0x0000000083600000, 0x0000000083600000| Untracked 
|  45|0x0000000083700000, 0x0000000083700000, 0x0000000083800000|  0%| F|  |TAMS 0x0000000083700000, 0x0000000083700000| Untracked 
|  46|0x0000000083800000, 0x0000000083800000, 0x0000000083900000|  0%| F|  |TAMS 0x0000000083800000, 0x0000000083800000| Untracked 
|  47|0x0000000083900000, 0x0000000083900000, 0x0000000083a00000|  0%| F|  |TAMS 0x0000000083900000, 0x0000000083900000| Untracked 
|  48|0x0000000083a00000, 0x0000000083a00000, 0x0000000083b00000|  0%| F|  |TAMS 0x0000000083a00000, 0x0000000083a00000| Untracked 
|  49|0x0000000083b00000, 0x0000000083b00000, 0x0000000083c00000|  0%| F|  |TAMS 0x0000000083b00000, 0x0000000083b00000| Untracked 
|  50|0x0000000083c00000, 0x0000000083c00000, 0x0000000083d00000|  0%| F|  |TAMS 0x0000000083c00000, 0x0000000083c00000| Untracked 
|  51|0x0000000083d00000, 0x0000000083d00000, 0x0000000083e00000|  0%| F|  |TAMS 0x0000000083d00000, 0x0000000083d00000| Untracked 
|  52|0x0000000083e00000, 0x0000000083e00000, 0x0000000083f00000|  0%| F|  |TAMS 0x0000000083e00000, 0x0000000083e00000| Untracked 
|  53|0x0000000083f00000, 0x0000000083f11490, 0x0000000084000000|  6%| E|  |TAMS 0x0000000083f00000, 0x0000000083f00000| Complete 

Card table byte_map: [0x0000019e34500000,0x0000019e34900000] _byte_map_base: 0x0000019e340fb000

Marking Bits (Prev, Next): (CMBitMap*) 0x0000019e2e4d6850, (CMBitMap*) 0x0000019e2e4d6890
 Prev Bits: [0x0000019e34d00000, 0x0000019e36cd8000)
 Next Bits: [0x0000019e36ce0000, 0x0000019e38cb8000)

Polling page: 0x0000019e2c340000

Metaspace:

Usage:
  Non-class:     34.72 MB used.
      Class:      5.54 MB used.
       Both:     40.26 MB used.

Virtual space:
  Non-class space:       40.00 MB reserved,      34.94 MB ( 87%) committed,  5 nodes.
      Class space:        1.00 GB reserved,       5.69 MB ( <1%) committed,  1 nodes.
             Both:        1.04 GB reserved,      40.62 MB (  4%) committed. 

Chunk freelists:
   Non-Class:  703.00 KB
       Class:  2.37 MB
        Both:  3.06 MB

MaxMetaspaceSize: unlimited
CompressedClassSpaceSize: 1.00 GB
Initial GC threshold: 21.00 MB
Current GC threshold: 67.75 MB
CDS: off
MetaspaceReclaimPolicy: balanced
 - commit_granule_bytes: 65536.
 - commit_granule_words: 8192.
 - virtual_space_node_default_size: 1048576.
 - enlarge_chunks_in_place: 1.
 - new_chunks_are_fully_committed: 0.
 - uncommit_free_chunks: 1.
 - use_allocation_guard: 0.
 - handle_deallocations: 1.


Internal statistics:

num_allocs_failed_limit: 3.
num_arena_births: 432.
num_arena_deaths: 102.
num_vsnodes_births: 6.
num_vsnodes_deaths: 0.
num_space_committed: 650.
num_space_uncommitted: 0.
num_chunks_returned_to_freelist: 113.
num_chunks_taken_from_freelist: 1663.
num_chunk_merges: 38.
num_chunk_splits: 1133.
num_chunks_enlarged: 903.
num_purges: 4.
num_inconsistent_stats: 0.

CodeCache: size=49152Kb used=10516Kb max_used=11020Kb free=38636Kb
 bounds [0x0000019e31100000, 0x0000019e31bd0000, 0x0000019e34100000]
 total_blobs=6150 nmethods=5594 adapters=483
 compilation: enabled
              stopped_count=0, restarted_count=0
 full_count=0

Compilation events (20 events):
Event: 6667.985 Thread 0x0000019e3b0d8650 5585   !   1       org.eclipse.lsp4j.jsonrpc.json.StreamMessageConsumer::consume (100 bytes)
Event: 6667.987 Thread 0x0000019e3b0d8650 nmethod 5585 0x0000019e312b9a90 code [0x0000019e312b9d40, 0x0000019e312ba708]
Event: 6667.987 Thread 0x0000019e3b0d8650 5586       1       org.eclipse.lsp4j.jsonrpc.json.MessageJsonHandler::serialize (19 bytes)
Event: 6667.987 Thread 0x0000019e3b0d8650 nmethod 5586 0x0000019e312b9410 code [0x0000019e312b95e0, 0x0000019e312b9908]
Event: 6667.987 Thread 0x0000019e3b0d8650 5587       1       java.io.StringWriter::<init> (24 bytes)
Event: 6667.987 Thread 0x0000019e3b0d8650 nmethod 5587 0x0000019e312b8f10 code [0x0000019e312b90c0, 0x0000019e312b9328]
Event: 6667.987 Thread 0x0000019e3b0d8650 5588       1       java.io.Writer::<init> (10 bytes)
Event: 6667.987 Thread 0x0000019e3b0d8650 nmethod 5588 0x0000019e312b8c10 code [0x0000019e312b8da0, 0x0000019e312b8eb8]
Event: 6667.987 Thread 0x0000019e3b0d8650 5589       1       org.eclipse.lsp4j.jsonrpc.json.MessageJsonHandler::serialize (12 bytes)
Event: 6667.988 Thread 0x0000019e3b0d8650 nmethod 5589 0x0000019e312b8510 code [0x0000019e312b86e0, 0x0000019e312b89b8]
Event: 6667.988 Thread 0x0000019e3b0d8650 5590   !   1       com.google.gson.Gson::toJson (34 bytes)
Event: 6667.988 Thread 0x0000019e3b0d8650 nmethod 5590 0x0000019e312b7e10 code [0x0000019e312b7fe0, 0x0000019e312b82d8]
Event: 6669.477 Thread 0x0000019e3b0d8650 5591       1       java.lang.ThreadLocal$ThreadLocalMap::cleanSomeSlots (61 bytes)
Event: 6669.478 Thread 0x0000019e3b0d8650 nmethod 5591 0x0000019e312b7910 code [0x0000019e312b7ac0, 0x0000019e312b7c98]
Event: 6671.954 Thread 0x0000019e3b0d8650 5592       1       java.lang.String::<init> (13 bytes)
Event: 6671.955 Thread 0x0000019e3b0d8650 nmethod 5592 0x0000019e312b7110 code [0x0000019e312b72e0, 0x0000019e312b76a8]
Event: 6684.330 Thread 0x0000019e3b0d8650 5593       1       ch.qos.logback.classic.spi.LoggingEvent::getThreadName (22 bytes)
Event: 6684.331 Thread 0x0000019e3b0d8650 nmethod 5593 0x0000019e312b6d90 code [0x0000019e312b6f20, 0x0000019e312b7058]
Event: 6684.331 Thread 0x0000019e3b0d8650 5594       1       ch.qos.logback.classic.spi.LoggingEvent::getFormattedMessage (53 bytes)
Event: 6684.331 Thread 0x0000019e3b0d8650 nmethod 5594 0x0000019e312b6810 code [0x0000019e312b69e0, 0x0000019e312b6c48]

GC Heap History (20 events):
Event: 7152.974 GC heap before
{Heap before GC invocations=636 (full 605):
 garbage-first heap   total 55296K, used 15444K [0x0000000080a00000, 0x0000000100000000)
  region size 1024K, 1 young (1024K), 0 survivors (0K)
 Metaspace       used 41229K, committed 41600K, reserved 1089536K
  class space    used 5673K, committed 5824K, reserved 1048576K
}
Event: 7153.000 GC heap after
{Heap after GC invocations=637 (full 606):
 garbage-first heap   total 55296K, used 15444K [0x0000000080a00000, 0x0000000100000000)
  region size 1024K, 0 young (0K), 0 survivors (0K)
 Metaspace       used 41229K, committed 41600K, reserved 1089536K
  class space    used 5673K, committed 5824K, reserved 1048576K
}
Event: 7163.170 GC heap before
{Heap before GC invocations=637 (full 606):
 garbage-first heap   total 55296K, used 15444K [0x0000000080a00000, 0x0000000100000000)
  region size 1024K, 1 young (1024K), 0 survivors (0K)
 Metaspace       used 41229K, committed 41600K, reserved 1089536K
  class space    used 5673K, committed 5824K, reserved 1048576K
}
Event: 7163.202 GC heap after
{Heap after GC invocations=638 (full 607):
 garbage-first heap   total 55296K, used 15444K [0x0000000080a00000, 0x0000000100000000)
  region size 1024K, 0 young (0K), 0 survivors (0K)
 Metaspace       used 41229K, committed 41600K, reserved 1089536K
  class space    used 5673K, committed 5824K, reserved 1048576K
}
Event: 7173.383 GC heap before
{Heap before GC invocations=638 (full 607):
 garbage-first heap   total 55296K, used 15444K [0x0000000080a00000, 0x0000000100000000)
  region size 1024K, 1 young (1024K), 0 survivors (0K)
 Metaspace       used 41229K, committed 41600K, reserved 1089536K
  class space    used 5673K, committed 5824K, reserved 1048576K
}
Event: 7173.416 GC heap after
{Heap after GC invocations=639 (full 608):
 garbage-first heap   total 55296K, used 15444K [0x0000000080a00000, 0x0000000100000000)
  region size 1024K, 0 young (0K), 0 survivors (0K)
 Metaspace       used 41229K, committed 41600K, reserved 1089536K
  class space    used 5673K, committed 5824K, reserved 1048576K
}
Event: 7183.567 GC heap before
{Heap before GC invocations=639 (full 608):
 garbage-first heap   total 55296K, used 15444K [0x0000000080a00000, 0x0000000100000000)
  region size 1024K, 1 young (1024K), 0 survivors (0K)
 Metaspace       used 41229K, committed 41600K, reserved 1089536K
  class space    used 5673K, committed 5824K, reserved 1048576K
}
Event: 7183.600 GC heap after
{Heap after GC invocations=640 (full 609):
 garbage-first heap   total 55296K, used 15444K [0x0000000080a00000, 0x0000000100000000)
  region size 1024K, 0 young (0K), 0 survivors (0K)
 Metaspace       used 41229K, committed 41600K, reserved 1089536K
  class space    used 5673K, committed 5824K, reserved 1048576K
}
Event: 7193.798 GC heap before
{Heap before GC invocations=640 (full 609):
 garbage-first heap   total 55296K, used 15444K [0x0000000080a00000, 0x0000000100000000)
  region size 1024K, 1 young (1024K), 0 survivors (0K)
 Metaspace       used 41229K, committed 41600K, reserved 1089536K
  class space    used 5673K, committed 5824K, reserved 1048576K
}
Event: 7193.835 GC heap after
{Heap after GC invocations=641 (full 610):
 garbage-first heap   total 55296K, used 15444K [0x0000000080a00000, 0x0000000100000000)
  region size 1024K, 0 young (0K), 0 survivors (0K)
 Metaspace       used 41229K, committed 41600K, reserved 1089536K
  class space    used 5673K, committed 5824K, reserved 1048576K
}
Event: 7204.022 GC heap before
{Heap before GC invocations=641 (full 610):
 garbage-first heap   total 55296K, used 15444K [0x0000000080a00000, 0x0000000100000000)
  region size 1024K, 1 young (1024K), 0 survivors (0K)
 Metaspace       used 41229K, committed 41600K, reserved 1089536K
  class space    used 5673K, committed 5824K, reserved 1048576K
}
Event: 7204.048 GC heap after
{Heap after GC invocations=642 (full 611):
 garbage-first heap   total 55296K, used 15444K [0x0000000080a00000, 0x0000000100000000)
  region size 1024K, 0 young (0K), 0 survivors (0K)
 Metaspace       used 41229K, committed 41600K, reserved 1089536K
  class space    used 5673K, committed 5824K, reserved 1048576K
}
Event: 7214.209 GC heap before
{Heap before GC invocations=642 (full 611):
 garbage-first heap   total 55296K, used 15444K [0x0000000080a00000, 0x0000000100000000)
  region size 1024K, 1 young (1024K), 0 survivors (0K)
 Metaspace       used 41229K, committed 41600K, reserved 1089536K
  class space    used 5673K, committed 5824K, reserved 1048576K
}
Event: 7214.235 GC heap after
{Heap after GC invocations=643 (full 612):
 garbage-first heap   total 55296K, used 15444K [0x0000000080a00000, 0x0000000100000000)
  region size 1024K, 0 young (0K), 0 survivors (0K)
 Metaspace       used 41229K, committed 41600K, reserved 1089536K
  class space    used 5673K, committed 5824K, reserved 1048576K
}
Event: 7224.407 GC heap before
{Heap before GC invocations=643 (full 612):
 garbage-first heap   total 55296K, used 15444K [0x0000000080a00000, 0x0000000100000000)
  region size 1024K, 1 young (1024K), 0 survivors (0K)
 Metaspace       used 41229K, committed 41600K, reserved 1089536K
  class space    used 5673K, committed 5824K, reserved 1048576K
}
Event: 7224.441 GC heap after
{Heap after GC invocations=644 (full 613):
 garbage-first heap   total 55296K, used 15444K [0x0000000080a00000, 0x0000000100000000)
  region size 1024K, 0 young (0K), 0 survivors (0K)
 Metaspace       used 41229K, committed 41600K, reserved 1089536K
  class space    used 5673K, committed 5824K, reserved 1048576K
}
Event: 7234.613 GC heap before
{Heap before GC invocations=644 (full 613):
 garbage-first heap   total 55296K, used 15444K [0x0000000080a00000, 0x0000000100000000)
  region size 1024K, 1 young (1024K), 0 survivors (0K)
 Metaspace       used 41229K, committed 41600K, reserved 1089536K
  class space    used 5673K, committed 5824K, reserved 1048576K
}
Event: 7234.645 GC heap after
{Heap after GC invocations=645 (full 614):
 garbage-first heap   total 55296K, used 15444K [0x0000000080a00000, 0x0000000100000000)
  region size 1024K, 0 young (0K), 0 survivors (0K)
 Metaspace       used 41229K, committed 41600K, reserved 1089536K
  class space    used 5673K, committed 5824K, reserved 1048576K
}
Event: 7244.821 GC heap before
{Heap before GC invocations=645 (full 614):
 garbage-first heap   total 55296K, used 15444K [0x0000000080a00000, 0x0000000100000000)
  region size 1024K, 1 young (1024K), 0 survivors (0K)
 Metaspace       used 41229K, committed 41600K, reserved 1089536K
  class space    used 5673K, committed 5824K, reserved 1048576K
}
Event: 7244.850 GC heap after
{Heap after GC invocations=646 (full 615):
 garbage-first heap   total 55296K, used 15444K [0x0000000080a00000, 0x0000000100000000)
  region size 1024K, 0 young (0K), 0 survivors (0K)
 Metaspace       used 41229K, committed 41600K, reserved 1089536K
  class space    used 5673K, committed 5824K, reserved 1048576K
}

Deoptimization events (20 events):
Event: 2.019 Thread 0x0000019e2e47a660 DEOPT PACKING pc=0x0000019e315bc499 sp=0x000000892f2fcf30
Event: 2.019 Thread 0x0000019e2e47a660 DEOPT UNPACKING pc=0x0000019e31152b43 sp=0x000000892f2fc410 mode 3
Event: 2.465 Thread 0x0000019e2e47a660 DEOPT PACKING pc=0x0000019e31679df5 sp=0x000000892f2fcc00
Event: 2.465 Thread 0x0000019e2e47a660 DEOPT UNPACKING pc=0x0000019e31152b43 sp=0x000000892f2fc070 mode 3
Event: 3.262 Thread 0x0000019e2e47a660 DEOPT PACKING pc=0x0000019e3171f019 sp=0x000000892f2fc4a0
Event: 3.262 Thread 0x0000019e2e47a660 DEOPT UNPACKING pc=0x0000019e31152b43 sp=0x000000892f2fb980 mode 3
Event: 3.369 Thread 0x0000019e3cfb8050 DEOPT PACKING pc=0x0000019e3177aa2b sp=0x00000089309fe2d0
Event: 3.369 Thread 0x0000019e3cfb8050 DEOPT UNPACKING pc=0x0000019e31152b43 sp=0x00000089309fd818 mode 3
Event: 3.730 Thread 0x0000019e3d0ef7b0 DEOPT PACKING pc=0x0000019e315bd501 sp=0x00000089311fef90
Event: 3.730 Thread 0x0000019e3d0ef7b0 DEOPT UNPACKING pc=0x0000019e31152b43 sp=0x00000089311fe420 mode 3
Event: 3.798 Thread 0x0000019e3d0f27d0 DEOPT PACKING pc=0x0000019e318ad5b5 sp=0x00000089315fdbd0
Event: 3.798 Thread 0x0000019e3d0f27d0 DEOPT UNPACKING pc=0x0000019e31152b43 sp=0x00000089315fd0f8 mode 3
Event: 4.144 Thread 0x0000019e3d0eedc0 DEOPT PACKING pc=0x0000019e315b6c97 sp=0x00000089310fef10
Event: 4.144 Thread 0x0000019e3d0eedc0 DEOPT UNPACKING pc=0x0000019e31152b43 sp=0x00000089310fe368 mode 3
Event: 8.405 Thread 0x0000019e3cfb8050 DEOPT PACKING pc=0x0000019e31592552 sp=0x00000089309fc8e0
Event: 8.405 Thread 0x0000019e3cfb8050 DEOPT UNPACKING pc=0x0000019e31152b43 sp=0x00000089309fbde8 mode 3
Event: 8.730 Thread 0x0000019e3cfb8050 DEOPT PACKING pc=0x0000019e31b362ac sp=0x00000089309fe010
Event: 8.730 Thread 0x0000019e3cfb8050 DEOPT UNPACKING pc=0x0000019e31152b43 sp=0x00000089309fd4a0 mode 0
Event: 501.154 Thread 0x0000019e3d0f1960 DEOPT PACKING pc=0x0000019e316e3ed4 sp=0x00000089314fee50
Event: 501.154 Thread 0x0000019e3d0f1960 DEOPT UNPACKING pc=0x0000019e31152b43 sp=0x00000089314fe2f8 mode 0

Classes unloaded (20 events):
Event: 83.821 Thread 0x0000019e3b074f20 Unloading class 0x0000000100342000 'java/lang/invoke/LambdaForm$MH+0x0000000100342000'
Event: 83.821 Thread 0x0000019e3b074f20 Unloading class 0x0000000100341c00 'java/lang/invoke/LambdaForm$MH+0x0000000100341c00'
Event: 83.821 Thread 0x0000019e3b074f20 Unloading class 0x0000000100341800 'java/lang/invoke/LambdaForm$MH+0x0000000100341800'
Event: 83.821 Thread 0x0000019e3b074f20 Unloading class 0x0000000100341400 'java/lang/invoke/LambdaForm$MH+0x0000000100341400'
Event: 83.821 Thread 0x0000019e3b074f20 Unloading class 0x0000000100340c00 'java/lang/invoke/LambdaForm$DMH+0x0000000100340c00'
Event: 83.821 Thread 0x0000019e3b074f20 Unloading class 0x0000000100340400 'java/lang/invoke/LambdaForm$DMH+0x0000000100340400'
Event: 83.821 Thread 0x0000019e3b074f20 Unloading class 0x00000001001a9400 'java/lang/invoke/LambdaForm$MH+0x00000001001a9400'
Event: 83.821 Thread 0x0000019e3b074f20 Unloading class 0x00000001001a9000 'java/lang/invoke/LambdaForm$MH+0x00000001001a9000'
Event: 83.821 Thread 0x0000019e3b074f20 Unloading class 0x00000001001a8c00 'java/lang/invoke/LambdaForm$MH+0x00000001001a8c00'
Event: 83.821 Thread 0x0000019e3b074f20 Unloading class 0x00000001001a8800 'java/lang/invoke/LambdaForm$MH+0x00000001001a8800'
Event: 83.821 Thread 0x0000019e3b074f20 Unloading class 0x00000001001a8400 'java/lang/invoke/LambdaForm$MH+0x00000001001a8400'
Event: 83.821 Thread 0x0000019e3b074f20 Unloading class 0x00000001001a1c00 'java/lang/invoke/LambdaForm$MH+0x00000001001a1c00'
Event: 83.821 Thread 0x0000019e3b074f20 Unloading class 0x00000001000d6800 'java/lang/invoke/LambdaForm$MH+0x00000001000d6800'
Event: 83.821 Thread 0x0000019e3b074f20 Unloading class 0x00000001000d6000 'java/lang/invoke/LambdaForm$MH+0x00000001000d6000'
Event: 83.821 Thread 0x0000019e3b074f20 Unloading class 0x00000001000d5c00 'java/lang/invoke/LambdaForm$MH+0x00000001000d5c00'
Event: 83.821 Thread 0x0000019e3b074f20 Unloading class 0x00000001000d5800 'java/lang/invoke/LambdaForm$MH+0x00000001000d5800'
Event: 83.821 Thread 0x0000019e3b074f20 Unloading class 0x00000001000d5000 'java/lang/invoke/LambdaForm$MH+0x00000001000d5000'
Event: 83.821 Thread 0x0000019e3b074f20 Unloading class 0x00000001000d4c00 'java/lang/invoke/LambdaForm$MH+0x00000001000d4c00'
Event: 83.821 Thread 0x0000019e3b074f20 Unloading class 0x00000001000d4800 'java/lang/invoke/LambdaForm$MH+0x00000001000d4800'
Event: 83.821 Thread 0x0000019e3b074f20 Unloading class 0x00000001000d4000 'java/lang/invoke/LambdaForm$MH+0x00000001000d4000'

Classes redefined (0 events):
No events

Internal exceptions (20 events):
Event: 7.996 Thread 0x0000019e3d0f2300 Exception <a 'sun/nio/fs/WindowsException'{0x0000000096c89210}> (0x0000000096c89210) 
thrown [e:\jenkins\tmp\workspace\build\src\src\hotspot\share\prims\jni.cpp, line 516]
Event: 7.996 Thread 0x0000019e3d0f2300 Exception <a 'sun/nio/fs/WindowsException'{0x0000000096c895c0}> (0x0000000096c895c0) 
thrown [e:\jenkins\tmp\workspace\build\src\src\hotspot\share\prims\jni.cpp, line 516]
Event: 7.996 Thread 0x0000019e3d0f2300 Exception <a 'sun/nio/fs/WindowsException'{0x0000000096c89fc0}> (0x0000000096c89fc0) 
thrown [e:\jenkins\tmp\workspace\build\src\src\hotspot\share\prims\jni.cpp, line 516]
Event: 7.997 Thread 0x0000019e3d0f2300 Exception <a 'sun/nio/fs/WindowsException'{0x0000000096c8a380}> (0x0000000096c8a380) 
thrown [e:\jenkins\tmp\workspace\build\src\src\hotspot\share\prims\jni.cpp, line 516]
Event: 7.997 Thread 0x0000019e3d0f2300 Exception <a 'sun/nio/fs/WindowsException'{0x0000000096c8ada8}> (0x0000000096c8ada8) 
thrown [e:\jenkins\tmp\workspace\build\src\src\hotspot\share\prims\jni.cpp, line 516]
Event: 7.997 Thread 0x0000019e3d0f2300 Exception <a 'sun/nio/fs/WindowsException'{0x0000000096c8b188}> (0x0000000096c8b188) 
thrown [e:\jenkins\tmp\workspace\build\src\src\hotspot\share\prims\jni.cpp, line 516]
Event: 7.998 Thread 0x0000019e3d0f2300 Exception <a 'sun/nio/fs/WindowsException'{0x0000000096c8bbc0}> (0x0000000096c8bbc0) 
thrown [e:\jenkins\tmp\workspace\build\src\src\hotspot\share\prims\jni.cpp, line 516]
Event: 7.998 Thread 0x0000019e3d0f2300 Exception <a 'sun/nio/fs/WindowsException'{0x0000000096c8bfb0}> (0x0000000096c8bfb0) 
thrown [e:\jenkins\tmp\workspace\build\src\src\hotspot\share\prims\jni.cpp, line 516]
Event: 7.998 Thread 0x0000019e3d0f2300 Exception <a 'sun/nio/fs/WindowsException'{0x0000000096c8c9d8}> (0x0000000096c8c9d8) 
thrown [e:\jenkins\tmp\workspace\build\src\src\hotspot\share\prims\jni.cpp, line 516]
Event: 7.999 Thread 0x0000019e3d0f2300 Exception <a 'sun/nio/fs/WindowsException'{0x0000000096c8cdc8}> (0x0000000096c8cdc8) 
thrown [e:\jenkins\tmp\workspace\build\src\src\hotspot\share\prims\jni.cpp, line 516]
Event: 8.000 Thread 0x0000019e3d0ef2e0 Exception <a 'java/lang/NoSuchMethodError'{0x0000000096b08208}: 'java.lang.Object java.lang.invoke.Invokers$Holder.invoke_MT(java.lang.Object, java.lang.Object, java.lang.Object)'> (0x0000000096b08208) 
thrown [e:\jenkins\tmp\workspace\build\src\src\hotspot\share\interpreter\linkResolver.cpp, line 766]
Event: 8.167 Thread 0x0000019e3cfb8050 Exception <a 'java/lang/NoSuchMethodError'{0x0000000096dfe778}: 'void java.lang.invoke.DirectMethodHandle$Holder.invokeStatic(java.lang.Object, java.lang.Object, java.lang.Object, java.lang.Object, java.lang.Object, java.lang.Object)'> (0x0000000096dfe778) 
thrown [e:\jenkins\tmp\workspace\build\src\src\hotspot\share\interpreter\linkResolver.cpp, line 766]
Event: 8.916 Thread 0x0000019e3d0f1960 Exception <a 'java/lang/NullPointerException'{0x00000000a0804aa0}> (0x00000000a0804aa0) 
thrown [e:\jenkins\tmp\workspace\build\src\src\hotspot\share\interpreter\linkResolver.cpp, line 1357]
Event: 13.935 Thread 0x0000019e3d0f0150 Exception <a 'java/lang/NoSuchMethodError'{0x00000000a0726d70}: 'int java.lang.invoke.DirectMethodHandle$Holder.invokeVirtual(java.lang.Object, java.lang.Object)'> (0x00000000a0726d70) 
thrown [e:\jenkins\tmp\workspace\build\src\src\hotspot\share\interpreter\linkResolver.cpp, line 766]
Event: 73.470 Thread 0x0000019e3d0b4090 Exception <a 'java/lang/NoSuchMethodError'{0x00000000a089ad60}: 'void java.lang.invoke.DirectMethodHandle$Holder.invokeStatic(java.lang.Object, long)'> (0x00000000a089ad60) 
thrown [e:\jenkins\tmp\workspace\build\src\src\hotspot\share\interpreter\linkResolver.cpp, line 766]
Event: 73.471 Thread 0x0000019e3d0b4090 Exception <a 'java/lang/NoSuchMethodError'{0x00000000a08a0108}: 'java.lang.Object java.lang.invoke.DirectMethodHandle$Holder.newInvokeSpecial(java.lang.Object, long)'> (0x00000000a08a0108) 
thrown [e:\jenkins\tmp\workspace\build\src\src\hotspot\share\interpreter\linkResolver.cpp, line 766]
Event: 73.472 Thread 0x0000019e3d0b4090 Exception <a 'java/lang/NoSuchMethodError'{0x00000000a08a6998}: 'java.lang.Object java.lang.invoke.DirectMethodHandle$Holder.invokeStatic(java.lang.Object, java.lang.Object, long, java.lang.Object)'> (0x00000000a08a6998) 
thrown [e:\jenkins\tmp\workspace\build\src\src\hotspot\share\interpreter\linkResolver.cpp, line 766]
Event: 73.473 Thread 0x0000019e3d0b4090 Exception <a 'java/lang/NoSuchMethodError'{0x00000000a08aa170}: 'java.lang.Object java.lang.invoke.DirectMethodHandle$Holder.invokeStaticInit(java.lang.Object, java.lang.Object, long, java.lang.Object)'> (0x00000000a08aa170) 
thrown [e:\jenkins\tmp\workspace\build\src\src\hotspot\share\interpreter\linkResolver.cpp, line 766]
Event: 73.474 Thread 0x0000019e3d0b4090 Exception <a 'java/lang/NoSuchMethodError'{0x00000000a08b04a0}: 'java.lang.Object java.lang.invoke.DirectMethodHandle$Holder.newInvokeSpecial(java.lang.Object, java.lang.Object, long)'> (0x00000000a08b04a0) 
thrown [e:\jenkins\tmp\workspace\build\src\src\hotspot\share\interpreter\linkResolver.cpp, line 766]
Event: 73.475 Thread 0x0000019e3d0b4090 Exception <a 'java/lang/NoSuchMethodError'{0x00000000a08b4010}: 'java.lang.Object java.lang.invoke.Invokers$Holder.linkToTargetMethod(java.lang.Object, long, java.lang.Object)'> (0x00000000a08b4010) 
thrown [e:\jenkins\tmp\workspace\build\src\src\hotspot\share\interpreter\linkResolver.cpp, line 766]

VM Operations (20 events):
Event: 7153.000 Executing VM operation: G1CollectFull done
Event: 7163.170 Executing VM operation: G1CollectFull
Event: 7163.202 Executing VM operation: G1CollectFull done
Event: 7173.383 Executing VM operation: G1CollectFull
Event: 7173.416 Executing VM operation: G1CollectFull done
Event: 7183.567 Executing VM operation: G1CollectFull
Event: 7183.600 Executing VM operation: G1CollectFull done
Event: 7193.798 Executing VM operation: G1CollectFull
Event: 7193.835 Executing VM operation: G1CollectFull done
Event: 7204.022 Executing VM operation: G1CollectFull
Event: 7204.048 Executing VM operation: G1CollectFull done
Event: 7214.209 Executing VM operation: G1CollectFull
Event: 7214.235 Executing VM operation: G1CollectFull done
Event: 7224.407 Executing VM operation: G1CollectFull
Event: 7224.441 Executing VM operation: G1CollectFull done
Event: 7234.613 Executing VM operation: G1CollectFull
Event: 7234.645 Executing VM operation: G1CollectFull done
Event: 7244.821 Executing VM operation: G1CollectFull
Event: 7244.850 Executing VM operation: G1CollectFull done
Event: 7254.941 Executing VM operation: G1CollectFull

Events (20 events):
Event: 6157.103 Thread 0x0000019e3d0efc80 Thread added: 0x0000019e3d0efc80
Event: 6161.754 Thread 0x0000019e3d0f2300 Thread added: 0x0000019e3d0f2300
Event: 6227.377 Thread 0x0000019e3d0f2300 Thread exited: 0x0000019e3d0f2300
Event: 6232.369 Thread 0x0000019e3d0efc80 Thread exited: 0x0000019e3d0efc80
Event: 6390.705 Thread 0x0000019e3d0f0af0 Thread added: 0x0000019e3d0f0af0
Event: 6392.050 Thread 0x0000019e3d0f2ca0 Thread added: 0x0000019e3d0f2ca0
Event: 6399.136 Thread 0x0000019e3d0ef7b0 Thread added: 0x0000019e3d0ef7b0
Event: 6429.402 Thread 0x0000019e3d0f2300 Thread added: 0x0000019e3d0f2300
Event: 6489.407 Thread 0x0000019e3d0f0af0 Thread exited: 0x0000019e3d0f0af0
Event: 6489.407 Thread 0x0000019e3d0ef7b0 Thread exited: 0x0000019e3d0ef7b0
Event: 6489.640 Thread 0x0000019e3d0f2ca0 Thread exited: 0x0000019e3d0f2ca0
Event: 6493.795 Thread 0x0000019e3d0f2300 Thread exited: 0x0000019e3d0f2300
Event: 6591.841 Thread 0x0000019e3d0f0af0 Thread added: 0x0000019e3d0f0af0
Event: 6592.635 Thread 0x0000019e3d0f2300 Thread added: 0x0000019e3d0f2300
Event: 6656.256 Thread 0x0000019e3d0f2300 Thread exited: 0x0000019e3d0f2300
Event: 6656.504 Thread 0x0000019e3d0f0af0 Thread exited: 0x0000019e3d0f0af0
Event: 6665.265 Thread 0x0000019e3d0f0af0 Thread added: 0x0000019e3d0f0af0
Event: 6667.981 Thread 0x0000019e3d0f2ca0 Thread added: 0x0000019e3d0f2ca0
Event: 6728.004 Thread 0x0000019e3d0f2ca0 Thread exited: 0x0000019e3d0f2ca0
Event: 6744.339 Thread 0x0000019e3d0f0af0 Thread exited: 0x0000019e3d0f0af0


Dynamic libraries:
0x00007ff78f480000 - 0x00007ff78f48e000 	c:\Users\danil\.vscode\extensions\redhat.java-1.9.0-win32-x64\jre\17.0.3-win32-x86_64\bin\java.exe
0x00007ff8f0070000 - 0x00007ff8f0268000 	C:\Windows\SYSTEM32\ntdll.dll
0x00007ff8eff10000 - 0x00007ff8effcd000 	C:\Windows\System32\KERNEL32.DLL
0x00007ff8ed9f0000 - 0x00007ff8edcbf000 	C:\Windows\System32\KERNELBASE.dll
0x00007ff8ed790000 - 0x00007ff8ed890000 	C:\Windows\System32\ucrtbase.dll
0x00007ff8dfbf0000 - 0x00007ff8dfc08000 	c:\Users\danil\.vscode\extensions\redhat.java-1.9.0-win32-x64\jre\17.0.3-win32-x86_64\bin\jli.dll
0x00007ff8dbe50000 - 0x00007ff8dbe69000 	c:\Users\danil\.vscode\extensions\redhat.java-1.9.0-win32-x64\jre\17.0.3-win32-x86_64\bin\VCRUNTIME140.dll
0x00007ff8efd00000 - 0x00007ff8efea0000 	C:\Windows\System32\USER32.dll
0x00007ff8ed890000 - 0x00007ff8ed8b2000 	C:\Windows\System32\win32u.dll
0x00007ff8da200000 - 0x00007ff8da49a000 	C:\Windows\WinSxS\amd64_microsoft.windows.common-controls_6595b64144ccf1df_6.0.19041.1110_none_60b5254171f9507e\COMCTL32.dll
0x00007ff8ee2b0000 - 0x00007ff8ee2da000 	C:\Windows\System32\GDI32.dll
0x00007ff8eee70000 - 0x00007ff8eef0e000 	C:\Windows\System32\msvcrt.dll
0x00007ff8edf20000 - 0x00007ff8ee02b000 	C:\Windows\System32\gdi32full.dll
0x00007ff8ee030000 - 0x00007ff8ee0cd000 	C:\Windows\System32\msvcp_win.dll
0x00007ff8ee410000 - 0x00007ff8ee440000 	C:\Windows\System32\IMM32.DLL
0x00007ff8e0ac0000 - 0x00007ff8e0acc000 	c:\Users\danil\.vscode\extensions\redhat.java-1.9.0-win32-x64\jre\17.0.3-win32-x86_64\bin\vcruntime140_1.dll
0x00007ff8c1530000 - 0x00007ff8c15c1000 	c:\Users\danil\.vscode\extensions\redhat.java-1.9.0-win32-x64\jre\17.0.3-win32-x86_64\bin\msvcp140.dll
0x00007ff8b8f40000 - 0x00007ff8b9b88000 	c:\Users\danil\.vscode\extensions\redhat.java-1.9.0-win32-x64\jre\17.0.3-win32-x86_64\bin\server\jvm.dll
0x00007ff8eebb0000 - 0x00007ff8eec5e000 	C:\Windows\System32\ADVAPI32.dll
0x00007ff8ee0d0000 - 0x00007ff8ee16c000 	C:\Windows\System32\sechost.dll
0x00007ff8ee2e0000 - 0x00007ff8ee405000 	C:\Windows\System32\RPCRT4.dll
0x00007ff8eeba0000 - 0x00007ff8eeba8000 	C:\Windows\System32\PSAPI.DLL
0x00007ff8e1c80000 - 0x00007ff8e1ca7000 	C:\Windows\SYSTEM32\WINMM.dll
0x00007ff8d9d10000 - 0x00007ff8d9d19000 	C:\Windows\SYSTEM32\WSOCK32.dll
0x00007ff8ee240000 - 0x00007ff8ee2ab000 	C:\Windows\System32\WS2_32.dll
0x00007ff8e86f0000 - 0x00007ff8e86fa000 	C:\Windows\SYSTEM32\VERSION.dll
0x00007ff8eb5d0000 - 0x00007ff8eb5e2000 	C:\Windows\SYSTEM32\kernel.appcore.dll
0x00007ff8e09a0000 - 0x00007ff8e09aa000 	c:\Users\danil\.vscode\extensions\redhat.java-1.9.0-win32-x64\jre\17.0.3-win32-x86_64\bin\jimage.dll
0x00007ff8def10000 - 0x00007ff8df0f4000 	C:\Windows\SYSTEM32\DBGHELP.DLL
0x00007ff8d9c70000 - 0x00007ff8d9c9c000 	C:\Windows\SYSTEM32\dbgcore.DLL
0x00007ff8ed8c0000 - 0x00007ff8ed942000 	C:\Windows\System32\bcryptPrimitives.dll
0x00007ff8d8700000 - 0x00007ff8d8725000 	c:\Users\danil\.vscode\extensions\redhat.java-1.9.0-win32-x64\jre\17.0.3-win32-x86_64\bin\java.dll
0x00007ff8d9d80000 - 0x00007ff8d9d98000 	c:\Users\danil\.vscode\extensions\redhat.java-1.9.0-win32-x64\jre\17.0.3-win32-x86_64\bin\zip.dll
0x00007ff8ef5b0000 - 0x00007ff8efcf4000 	C:\Windows\System32\SHELL32.dll
0x00007ff8eb8b0000 - 0x00007ff8ec044000 	C:\Windows\SYSTEM32\windows.storage.dll
0x00007ff8eefc0000 - 0x00007ff8ef314000 	C:\Windows\System32\combase.dll
0x00007ff8ed1f0000 - 0x00007ff8ed220000 	C:\Windows\SYSTEM32\Wldp.dll
0x00007ff8ee5f0000 - 0x00007ff8ee69d000 	C:\Windows\System32\SHCORE.dll
0x00007ff8eee10000 - 0x00007ff8eee65000 	C:\Windows\System32\shlwapi.dll
0x00007ff8ed6d0000 - 0x00007ff8ed6ef000 	C:\Windows\SYSTEM32\profapi.dll
0x00007ff8e09b0000 - 0x00007ff8e09c9000 	C:\Users\danil\.vscode\extensions\redhat.java-1.9.0-win32-x64\jre\17.0.3-win32-x86_64\bin\net.dll
0x00007ff8e6ed0000 - 0x00007ff8e6fda000 	C:\Windows\SYSTEM32\WINHTTP.dll
0x00007ff8ecf50000 - 0x00007ff8ecfba000 	C:\Windows\system32\mswsock.dll
0x00007ff8e0090000 - 0x00007ff8e00a5000 	C:\Users\danil\.vscode\extensions\redhat.java-1.9.0-win32-x64\jre\17.0.3-win32-x86_64\bin\nio.dll
0x00007ff8e9420000 - 0x00007ff8e9430000 	c:\Users\danil\.vscode\extensions\redhat.java-1.9.0-win32-x64\jre\17.0.3-win32-x86_64\bin\verify.dll
0x00007ff8e9410000 - 0x00007ff8e9419000 	C:\Users\danil\.vscode\extensions\redhat.java-1.9.0-win32-x64\jre\17.0.3-win32-x86_64\bin\management.dll
0x00007ff8e0b90000 - 0x00007ff8e0b9b000 	C:\Users\danil\.vscode\extensions\redhat.java-1.9.0-win32-x64\jre\17.0.3-win32-x86_64\bin\management_ext.dll
0x00007ff8d6120000 - 0x00007ff8d6137000 	C:\Windows\system32\napinsp.dll
0x00007ff8d3080000 - 0x00007ff8d309b000 	C:\Windows\system32\pnrpnsp.dll
0x00007ff8d0090000 - 0x00007ff8d00a5000 	C:\Windows\system32\wshbth.dll
0x00007ff8e9320000 - 0x00007ff8e933d000 	C:\Windows\system32\NLAapi.dll
0x00007ff8ecbd0000 - 0x00007ff8ecc0b000 	C:\Windows\SYSTEM32\IPHLPAPI.DLL
0x00007ff8ecc10000 - 0x00007ff8eccda000 	C:\Windows\SYSTEM32\DNSAPI.dll
0x00007ff8eff00000 - 0x00007ff8eff08000 	C:\Windows\System32\NSI.dll
0x00007ff8d2940000 - 0x00007ff8d2952000 	C:\Windows\System32\winrnr.dll
0x00007ff8e6df0000 - 0x00007ff8e6dfa000 	C:\Windows\System32\rasadhlp.dll
0x00007ff8e55b0000 - 0x00007ff8e5630000 	C:\Windows\System32\fwpuclnt.dll
0x00007ff8ed9c0000 - 0x00007ff8ed9e7000 	C:\Windows\System32\bcrypt.dll
0x00007ff8ed140000 - 0x00007ff8ed158000 	C:\Windows\SYSTEM32\CRYPTSP.dll
0x00007ff8ec800000 - 0x00007ff8ec834000 	C:\Windows\system32\rsaenh.dll
0x00007ff8ed690000 - 0x00007ff8ed6be000 	C:\Windows\SYSTEM32\USERENV.dll
0x00007ff8ed160000 - 0x00007ff8ed16c000 	C:\Windows\SYSTEM32\CRYPTBASE.dll
0x00007ff8e8700000 - 0x00007ff8e8717000 	C:\Windows\SYSTEM32\dhcpcsvc6.DLL
0x00007ff8e80c0000 - 0x00007ff8e80dd000 	C:\Windows\SYSTEM32\dhcpcsvc.DLL

dbghelp: loaded successfully - version: 4.0.5 - missing functions: none
symbol engine: initialized successfully - sym options: 0x614 - pdb path: .;c:\Users\danil\.vscode\extensions\redhat.java-1.9.0-win32-x64\jre\17.0.3-win32-x86_64\bin;C:\Windows\SYSTEM32;C:\Windows\WinSxS\amd64_microsoft.windows.common-controls_6595b64144ccf1df_6.0.19041.1110_none_60b5254171f9507e;c:\Users\danil\.vscode\extensions\redhat.java-1.9.0-win32-x64\jre\17.0.3-win32-x86_64\bin\server

VM Arguments:
jvm_args: --add-modules=ALL-SYSTEM --add-exports=jdk.compiler/com.sun.tools.javac.file=ALL-UNNAMED --add-exports=jdk.compiler/com.sun.tools.javac.util=ALL-UNNAMED --add-exports=jdk.compiler/com.sun.tools.javac.comp=ALL-UNNAMED --add-exports=jdk.compiler/com.sun.tools.javac.main=ALL-UNNAMED --add-exports=jdk.compiler/com.sun.tools.javac.tree=ALL-UNNAMED --add-exports=jdk.compiler/com.sun.tools.javac.code=ALL-UNNAMED -Dsts.lsp.client=vscode -Dsts.log.file=/dev/null -XX:TieredStopAtLevel=1 -Dspring.config.location=file:c:\Users\danil\.vscode\extensions\pivotal.vscode-spring-boot-1.36.0\language-server\BOOT-INF\classes\application.properties 
java_command: org.springframework.ide.vscode.boot.app.BootLanguageServerBootApp
java_class_path (initial): c:\Users\danil\.vscode\extensions\pivotal.vscode-spring-boot-1.36.0\language-server\BOOT-INF\classes;c:\Users\danil\.vscode\extensions\pivotal.vscode-spring-boot-1.36.0\language-server\BOOT-INF\lib\annotations-23.0.0.jar;c:\Users\danil\.vscode\extensions\pivotal.vscode-spring-boot-1.36.0\language-server\BOOT-INF\lib\antlr-runtime-3.5.2.jar;c:\Users\danil\.vscode\extensions\pivotal.vscode-spring-boot-1.36.0\language-server\BOOT-INF\lib\antlr4-4.9.3.jar;c:\Users\danil\.vscode\extensions\pivotal.vscode-spring-boot-1.36.0\language-server\BOOT-INF\lib\antlr4-runtime-4.9.3.jar;c:\Users\danil\.vscode\extensions\pivotal.vscode-spring-boot-1.36.0\language-server\BOOT-INF\lib\asm-9.3.jar;c:\Users\danil\.vscode\extensions\pivotal.vscode-spring-boot-1.36.0\language-server\BOOT-INF\lib\asm-analysis-9.3.jar;c:\Users\danil\.vscode\extensions\pivotal.vscode-spring-boot-1.36.0\language-server\BOOT-INF\lib\asm-tree-9.3.jar;c:\Users\danil\.vscode\extensions\pivotal.vscode-spring-boot-1.36.0\language-server\BOOT-INF\lib\asm-util-9.3.jar;c:\Users\danil\.vscode\extensions\pivotal.vscode-spring-boot-1.36.0\language-server\BOOT-INF\lib\byte-buddy-1.10.18.jar;c:\Users\danil\.vscode\extensions\pivotal.vscode-spring-boot-1.36.0\language-server\BOOT-INF\lib\caffeine-2.8.6.jar;c:\Users\danil\.vscode\extensions\pivotal.vscode-spring-boot-1.36.0\language-server\BOOT-INF\lib\checker-qual-3.12.0.jar;c:\Users\danil\.vscode\extensions\pivotal.vscode-spring-boot-1.36.0\language-server\BOOT-INF\lib\classgraph-4.8.146.jar;c:\Users\danil\.vscode\extensions\pivotal.vscode-spring-boot-1.36.0\language-server\BOOT-INF\lib\commons-codec-1.14.jar;c:\Users\danil\.vscode\extensions\pivotal.vscode-spring-boot-1.36.0\language-server\BOOT-INF\lib\commons-compress-1.21.jar;c:\Users\danil\.vscode\extensions\pivotal.vscode-spring-boot-1.36.0\language-server\BOOT-INF\lib\commons-exec-1.3.jar;c:\Users\danil\.vscode\extensions\pivotal.vscode-spring-boot-1.36.0\language-server\BOOT-INF\lib\com
Launcher Type: SUN_STANDARD

[Global flags]
     intx CICompilerCount                          = 3                                         {product} {ergonomic}
     uint ConcGCThreads                            = 1                                         {product} {ergonomic}
     uint G1ConcRefinementThreads                  = 4                                         {product} {ergonomic}
   size_t G1HeapRegionSize                         = 1048576                                   {product} {ergonomic}
    uintx GCDrainStackTargetSize                   = 64                                        {product} {ergonomic}
   size_t InitialHeapSize                          = 134217728                                 {product} {ergonomic}
   size_t MarkStackSize                            = 4194304                                   {product} {ergonomic}
   size_t MaxHeapSize                              = 2136997888                                {product} {ergonomic}
   size_t MaxNewSize                               = 1281359872                                {product} {ergonomic}
   size_t MinHeapDeltaBytes                        = 1048576                                   {product} {ergonomic}
   size_t MinHeapSize                              = 8388608                                   {product} {ergonomic}
    uintx NonProfiledCodeHeapSize                  = 0                                      {pd product} {ergonomic}
     bool ProfileInterpreter                       = false                                  {pd product} {command line}
    uintx ProfiledCodeHeapSize                     = 0                                      {pd product} {ergonomic}
   size_t SoftMaxHeapSize                          = 2136997888                             {manageable} {ergonomic}
     intx TieredStopAtLevel                        = 1                                         {product} {command line}
     bool UseCompressedClassPointers               = true                           {product lp64_product} {ergonomic}
     bool UseCompressedOops                        = true                           {product lp64_product} {ergonomic}
     bool UseG1GC                                  = true                                      {product} {ergonomic}
     bool UseLargePagesIndividualAllocation        = false                                  {pd product} {ergonomic}

Logging:
Log output configuration:
 #0: stdout all=warning uptime,level,tags
 #1: stderr all=off uptime,level,tags

Environment Variables:
JAVA_HOME=C:\Program Files\Java\jdk-11.0.14
PATH=C:\Program Files\Common Files\Oracle\Java\javapath;C:\Windows\system32;C:\Windows;C:\Windows\System32\Wbem;C:\Windows\System32\WindowsPowerShell\v1.0\;C:\Windows\System32\OpenSSH\;C:\Program Files (x86)\NVIDIA Corporation\PhysX\Common;C:\Program Files\NVIDIA Corporation\NVIDIA NvDLISR;C:\Program Files\Git\cmd;C:\Users\danil\AppData\Local\Microsoft\WindowsApps;;C:\Program Files\JetBrains\IntelliJ IDEA Community Edition 2022.1\bin;;C:\Users\danil\AppData\Local\Programs\Microsoft VS Code\bin;C:\Program Files\heroku\bin
USERNAME=danilo
OS=Windows_NT
PROCESSOR_IDENTIFIER=Intel64 Family 6 Model 42 Stepping 7, GenuineIntel



---------------  S Y S T E M  ---------------

OS:
 Windows 10 , 64 bit Build 19041 (10.0.19041.1865)
OS uptime: 2 days 22:57 hours

CPU: total 4 (initial active 4) (4 cores per cpu, 1 threads per core) family 6 model 42 stepping 7 microcode 0x2f, cx8, cmov, fxsr, mmx, sse, sse2, sse3, ssse3, sse4.1, sse4.2, popcnt, tsc, tscinvbit, avx, aes, clmul, vzeroupper, clflush

Memory: 4k page, system-wide physical 8150M (1141M free)
TotalPageFile size 10198M (AvailPageFile size 25M)
current process WorkingSet (physical memory assigned to process): 72M, peak: 643M
current process commit charge ("private bytes"): 186M, peak: 688M

vm_info: OpenJDK 64-Bit Server VM (17.0.3+7) for windows-amd64 JRE (17.0.3+7), built on Apr 19 2022 16:55:35 by "" with MS VC++ 16.7 (VS2019)

END.
